com.androidapp.mytools/build/intermediates/manifest_merge_blame_file/debug/manifest-merger-blame-debug-report.txt
1<?xml version="1.0" encoding="utf-8"?>
2<manifest xmlns:android="http://schemas.android.com/apk/res/android"
3    xmlns:tools="http://schemas.android.com/tools"
4    package="com.androidapp.mytools"
5    android:versionCode="1"
6    android:versionName="1.0" >
7
8    <uses-sdk
8-->laneco_private_code_java\com.androidapp.mytools\AndroidManifest.xml:8:5-10:41
9        android:minSdkVersion="1"
9-->laneco_private_code_java\com.androidapp.mytools\AndroidManifest.xml:9:9-34
10        android:targetSdkVersion="33" />
10-->laneco_private_code_java\com.androidapp.mytools\AndroidManifest.xml:10:9-38
11
12    <uses-permission android:name="android.permission.BLUETOOTH" />
12-->laneco_private_code_java\com.androidapp.mytools\AndroidManifest.xml:12:5-68
12-->laneco_private_code_java\com.androidapp.mytools\AndroidManifest.xml:12:22-65
13    <uses-permission android:name="android.permission.BLUETOOTH_ADMIN" />
13-->laneco_private_code_java\com.androidapp.mytools\AndroidManifest.xml:13:5-74
13-->laneco_private_code_java\com.androidapp.mytools\AndroidManifest.xml:13:22-71
14    <uses-permission
14-->laneco_private_code_java\com.androidapp.mytools\AndroidManifest.xml:14:5-15:38
15        android:name="android.permission.READ_EXTERNAL_STORAGE"
15-->laneco_private_code_java\com.androidapp.mytools\AndroidManifest.xml:14:22-77
16        android:maxSdkVersion="32" />
16-->laneco_private_code_java\com.androidapp.mytools\AndroidManifest.xml:15:9-35
17    <uses-permission
17-->laneco_private_code_java\com.androidapp.mytools\AndroidManifest.xml:16:5-17:38
18        android:name="android.permission.WRITE_EXTERNAL_STORAGE"
18-->laneco_private_code_java\com.androidapp.mytools\AndroidManifest.xml:16:22-78
19        android:maxSdkVersion="32" />
19-->laneco_private_code_java\com.androidapp.mytools\AndroidManifest.xml:17:9-35
20    <uses-permission android:name="android.permission.BLUETOOTH" />
20-->laneco_private_code_java\com.androidapp.mytools\AndroidManifest.xml:12:5-68
20-->laneco_private_code_java\com.androidapp.mytools\AndroidManifest.xml:12:22-65
21    <uses-permission android:name="android.permission.BLUETOOTH_ADMIN" />
21-->laneco_private_code_java\com.androidapp.mytools\AndroidManifest.xml:13:5-74
21-->laneco_private_code_java\com.androidapp.mytools\AndroidManifest.xml:13:22-71
22
23    <!-- Required from Android 12+ -->
24    <uses-permission
24-->laneco_private_code_java\com.androidapp.mytools\AndroidManifest.xml:23:5-24:35
25        android:name="android.permission.BLUETOOTH_CONNECT"
25-->laneco_private_code_java\com.androidapp.mytools\AndroidManifest.xml:23:22-73
26        android:required="false" />
26-->laneco_private_code_java\com.androidapp.mytools\AndroidManifest.xml:24:9-33
27    <uses-permission
27-->laneco_private_code_java\com.androidapp.mytools\AndroidManifest.xml:25:5-26:35
28        android:name="android.permission.BLUETOOTH_SCAN"
28-->laneco_private_code_java\com.androidapp.mytools\AndroidManifest.xml:25:22-70
29        android:required="false" />
29-->laneco_private_code_java\com.androidapp.mytools\AndroidManifest.xml:26:9-33
30
31    <!-- Optional if you're doing device discovery -->
32    <uses-permission android:name="android.permission.BLUETOOTH_ADVERTISE" />
32-->laneco_private_code_java\com.androidapp.mytools\AndroidManifest.xml:29:5-78
32-->laneco_private_code_java\com.androidapp.mytools\AndroidManifest.xml:29:22-75
33
34    <!-- Needed if you want to scan for Bluetooth devices -->
35    <application
35-->laneco_private_code_java\com.androidapp.mytools\AndroidManifest.xml:33:5-41:19
36        android:allowBackup="true"
36-->laneco_private_code_java\com.androidapp.mytools\AndroidManifest.xml:34:9-35
37        android:label="@string/app_name"
37-->laneco_private_code_java\com.androidapp.mytools\AndroidManifest.xml:35:9-41
38        android:requestLegacyExternalStorage="true"
38-->laneco_private_code_java\com.androidapp.mytools\AndroidManifest.xml:36:9-52
39        android:theme="@style/AppTheme"
39-->laneco_private_code_java\com.androidapp.mytools\AndroidManifest.xml:38:9-40
40        tools:targetApi="30" >
40-->laneco_private_code_java\com.androidapp.mytools\AndroidManifest.xml:37:9-29
41
42        <!-- android:icon="@drawable/ic_launcher" -->
43
44    </application>
45
46</manifest>